c:\users\aaron\downloads\chess-master\chess-master\shakki\debug\vc142.pdb
c:\users\aaron\downloads\chess-master\chess-master\shakki\debug\vc142.idb
c:\users\aaron\downloads\chess-master\chess-master\shakki\debug\nappula.obj
c:\users\aaron\downloads\chess-master\chess-master\shakki\debug\main.obj
c:\users\aaron\downloads\chess-master\chess-master\shakki\debug\kayttoliittyma.obj
c:\users\aaron\downloads\chess-master\chess-master\shakki\debug\asema.obj
c:\users\aaron\downloads\chess-master\shakkiprojekti\shakki\debug\vc142.pdb
c:\users\aaron\downloads\chess-master\shakkiprojekti\shakki\debug\vc142.idb
c:\users\aaron\downloads\chess-master\shakkiprojekti\shakki\debug\vastustaja.obj
c:\users\aaron\downloads\chess-master\shakkiprojekti\shakki\debug\siirto.obj
c:\users\aaron\downloads\chess-master\shakkiprojekti\shakki\debug\ruutu.obj
c:\users\aaron\downloads\chess-master\shakkiprojekti\shakki\debug\peli.obj
c:\users\aaron\downloads\chess-master\shakkiprojekti\shakki\debug\nappula.obj
c:\users\aaron\downloads\chess-master\shakkiprojekti\shakki\debug\kayttoliittyma.obj
c:\users\aaron\downloads\chess-master\shakkiprojekti\shakki\debug\asema.obj
c:\users\aaron\downloads\chess-master\shakkiprojekti\shakki\debug\main.obj
c:\users\aaron\downloads\chess-master\chess-master\debug\shakki.ilk
c:\users\aaron\downloads\chess-master\chess-master\debug\shakki.exe
c:\users\aaron\downloads\chess-master\chess-master\debug\shakki.pdb
c:\users\aaron\downloads\chess-master\shakkiprojekti\debug\shakki.exe
c:\users\aaron\downloads\chess-master\shakkiprojekti\debug\shakki.ilk
c:\users\aaron\downloads\chess-master\shakkiprojekti\debug\shakki.pdb
c:\users\aaron\downloads\chess-master\shakkiprojekti\shakki\debug\shakki.tlog\cl.command.1.tlog
c:\users\aaron\downloads\chess-master\shakkiprojekti\shakki\debug\shakki.tlog\cl.read.1.tlog
c:\users\aaron\downloads\chess-master\shakkiprojekti\shakki\debug\shakki.tlog\cl.write.1.tlog
c:\users\aaron\downloads\chess-master\shakkiprojekti\shakki\debug\shakki.tlog\link.command.1.tlog
c:\users\aaron\downloads\chess-master\shakkiprojekti\shakki\debug\shakki.tlog\link.read.1.tlog
c:\users\aaron\downloads\chess-master\shakkiprojekti\shakki\debug\shakki.tlog\link.write.1.tlog
